Using pre-set license
Built from '2020.3/staging' branch; Version is '2020.3.26f1 (7298b473bc1a) revision 7510196'; Using compiler version '192528614'; Build Type 'Release'
OS: 'Windows 11  (10.0.22000) 64bit Core' Language: 'en' Physical Memory: 32680 MB
BatchMode: 1, IsHumanControllingUs: 0, StartBugReporterOnCrash: 0, Is64bit: 1, IsPro: 0

COMMAND LINE ARGUMENTS:
C:\Program Files\Unity\Hub\Editor\2020.3.26f1\Editor\Unity.exe
-adb2
-batchMode
-noUpm
-name
AssetImportWorker0
-projectPath
C:/Users/Joshua/Documents/Humber/GameJam/Game-Jam-Project/Global-Jam-PlaceHolder
-logFile
Logs/AssetImportWorker0.log
-srvPort
56447
Successfully changed project path to: C:/Users/Joshua/Documents/Humber/GameJam/Game-Jam-Project/Global-Jam-PlaceHolder
C:/Users/Joshua/Documents/Humber/GameJam/Game-Jam-Project/Global-Jam-PlaceHolder
Using Asset Import Pipeline V2.
Refreshing native plugins compatible for Editor in 42.38 ms, found 3 plugins.
Preloading 0 native plugins for Editor in 0.00 ms.
Initialize engine version: 2020.3.26f1 (7298b473bc1a)
[Subsystems] Discovering subsystems at path C:/Program Files/Unity/Hub/Editor/2020.3.26f1/Editor/Data/Resources/UnitySubsystems
[Subsystems] Discovering subsystems at path C:/Users/Joshua/Documents/Humber/GameJam/Game-Jam-Project/Global-Jam-PlaceHolder/Assets
GfxDevice: creating device client; threaded=0
Direct3D:
    Version:  Direct3D 11.0 [level 11.1]
    Renderer: NVIDIA GeForce RTX 2070 SUPER (ID=0x1e84)
    Vendor:   
    VRAM:     8012 MB
    Driver:   30.0.15.1123
Initialize mono
Mono path[0] = 'C:/Program Files/Unity/Hub/Editor/2020.3.26f1/Editor/Data/Managed'
Mono path[1] = 'C:/Program Files/Unity/Hub/Editor/2020.3.26f1/Editor/Data/MonoBleedingEdge/lib/mono/unityjit'
Mono config path = 'C:/Program Files/Unity/Hub/Editor/2020.3.26f1/Editor/Data/MonoBleedingEdge/etc'
Using monoOptions --debugger-agent=transport=dt_socket,embedding=1,server=y,suspend=n,address=127.0.0.1:56300
Begin MonoManager ReloadAssembly
Registering precompiled unity dll's ...
Register platform support module: C:/Program Files/Unity/Hub/Editor/2020.3.26f1/Editor/Data/PlaybackEngines/WebGLSupport/UnityEditor.WebGL.Extensions.dll
Register platform support module: C:/Program Files/Unity/Hub/Editor/2020.3.26f1/Editor/Data/PlaybackEngines/WindowsStandaloneSupport/UnityEditor.WindowsStandalone.Extensions.dll
Registered in 0.001653 seconds.
Native extension for WindowsStandalone target not found
Native extension for WebGL target not found
Refreshing native plugins compatible for Editor in 43.57 ms, found 3 plugins.
Preloading 0 native plugins for Editor in 0.00 ms.
Mono: successfully reloaded assembly
- Completed reload, in  0.506 seconds
Domain Reload Profiling:
	ReloadAssembly (506ms)
		BeginReloadAssembly (44ms)
			ExecutionOrderSort (0ms)
			DisableScriptedObjects (0ms)
			BackupInstance (0ms)
			ReleaseScriptingObjects (0ms)
			CreateAndSetChildDomain (1ms)
		EndReloadAssembly (392ms)
			LoadAssemblies (42ms)
			RebuildTransferFunctionScriptingTraits (0ms)
			SetupTypeCache (125ms)
			ReleaseScriptCaches (0ms)
			RebuildScriptCaches (26ms)
			SetupLoadedEditorAssemblies (155ms)
				LogAssemblyErrors (0ms)
				InitializePlatformSupportModulesInManaged (4ms)
				SetLoadedEditorAssemblies (0ms)
				RefreshPlugins (44ms)
				BeforeProcessingInitializeOnLoad (13ms)
				ProcessInitializeOnLoadAttributes (69ms)
				ProcessInitializeOnLoadMethodAttributes (24ms)
				AfterProcessingInitializeOnLoad (0ms)
				EditorAssembliesLoaded (0ms)
			ExecutionOrderSort2 (0ms)
			AwakeInstancesAfterBackupRestoration (0ms)
Platform modules already initialized, skipping
Registering precompiled user dll's ...
Registered in 0.003268 seconds.
Begin MonoManager ReloadAssembly
Symbol file data-0000022B21E4B010 doesn't match image C:\Users\Joshua\Documents\Humber\GameJam\Game-Jam-Project\Global-Jam-PlaceHolder\Library\ScriptAssemblies\Unity.2D.Animation.Editor.dll
Symbol file LoadedFromMemory is not a mono symbol file
Symbol file data-0000022CFBC90840 doesn't match image C:\Users\Joshua\Documents\Humber\GameJam\Game-Jam-Project\Global-Jam-PlaceHolder\Library\ScriptAssemblies\Unity.InternalAPIEngineBridge.001.dll
Symbol file LoadedFromMemory is not a mono symbol file
Symbol file data-0000022CFC1B0FE0 doesn't match image C:\Users\Joshua\Documents\Humber\GameJam\Game-Jam-Project\Global-Jam-PlaceHolder\Library\ScriptAssemblies\Unity.VSCode.Editor.dll
Symbol file LoadedFromMemory is not a mono symbol file
Symbol file data-0000022CFC00E020 doesn't match image C:\Users\Joshua\Documents\Humber\GameJam\Game-Jam-Project\Global-Jam-PlaceHolder\Library\ScriptAssemblies\Unity.2D.PixelPerfect.dll
Symbol file LoadedFromMemory is not a mono symbol file
Symbol file data-0000022CFC1FD020 doesn't match image C:\Users\Joshua\Documents\Humber\GameJam\Game-Jam-Project\Global-Jam-PlaceHolder\Library\ScriptAssemblies\Unity.2D.Tilemap.Editor.dll
Symbol file LoadedFromMemory is not a mono symbol file
Symbol file data-0000022B21B1D240 doesn't match image C:\Users\Joshua\Documents\Humber\GameJam\Game-Jam-Project\Global-Jam-PlaceHolder\Library\ScriptAssemblies\PsdPlugin.dll
Symbol file LoadedFromMemory is not a mono symbol file
Symbol file data-0000022CFC1FD020 doesn't match image C:\Users\Joshua\Documents\Humber\GameJam\Game-Jam-Project\Global-Jam-PlaceHolder\Library\ScriptAssemblies\Unity.TextMeshPro.Editor.dll
Symbol file LoadedFromMemory is not a mono symbol file
Symbol file data-0000022B211163E0 doesn't match image C:\Users\Joshua\Documents\Humber\GameJam\Game-Jam-Project\Global-Jam-PlaceHolder\Library\ScriptAssemblies\Unity.VisualStudio.Editor.dll
Symbol file LoadedFromMemory is not a mono symbol file
Symbol file data-0000022CFC1FD020 doesn't match image C:\Users\Joshua\Documents\Humber\GameJam\Game-Jam-Project\Global-Jam-PlaceHolder\Library\ScriptAssemblies\UnityEngine.TestRunner.dll
Symbol file LoadedFromMemory is not a mono symbol file
Symbol file data-0000022CFC1FD020 doesn't match image C:\Users\Joshua\Documents\Humber\GameJam\Game-Jam-Project\Global-Jam-PlaceHolder\Library\ScriptAssemblies\Unity.Timeline.dll
Symbol file LoadedFromMemory is not a mono symbol file
Symbol file data-0000022CFC215990 doesn't match image C:\Users\Joshua\Documents\Humber\GameJam\Game-Jam-Project\Global-Jam-PlaceHolder\Library\ScriptAssemblies\Unity.TextMeshPro.dll
Symbol file LoadedFromMemory is not a mono symbol file
Symbol file data-0000022CFC1FD020 doesn't match image C:\Users\Joshua\Documents\Humber\GameJam\Game-Jam-Project\Global-Jam-PlaceHolder\Library\ScriptAssemblies\UnityEditor.TestRunner.dll
Symbol file LoadedFromMemory is not a mono symbol file
Symbol file data-0000022B20F28C30 doesn't match image C:\Users\Joshua\Documents\Humber\GameJam\Game-Jam-Project\Global-Jam-PlaceHolder\Library\ScriptAssemblies\Unity.2D.IK.Editor.dll
Symbol file LoadedFromMemory is not a mono symbol file
Symbol file data-0000022CFC1FD020 doesn't match image C:\Users\Joshua\Documents\Humber\GameJam\Game-Jam-Project\Global-Jam-PlaceHolder\Library\ScriptAssemblies\Unity.2D.Sprite.Editor.dll
Symbol file LoadedFromMemory is not a mono symbol file
Symbol file data-0000022B211163E0 doesn't match image C:\Users\Joshua\Documents\Humber\GameJam\Game-Jam-Project\Global-Jam-PlaceHolder\Library\ScriptAssemblies\Unity.2D.Psdimporter.Editor.dll
Symbol file LoadedFromMemory is not a mono symbol file
Symbol file data-0000022CFBF3C820 doesn't match image C:\Users\Joshua\Documents\Humber\GameJam\Game-Jam-Project\Global-Jam-PlaceHolder\Library\ScriptAssemblies\Unity.2D.Path.Editor.dll
Symbol file LoadedFromMemory is not a mono symbol file
Symbol file data-0000022B220AC3E0 doesn't match image C:\Users\Joshua\Documents\Humber\GameJam\Game-Jam-Project\Global-Jam-PlaceHolder\Library\ScriptAssemblies\Unity.InternalAPIEditorBridge.001.dll
Symbol file LoadedFromMemory is not a mono symbol file
Symbol file data-0000022B2056DC50 doesn't match image C:\Users\Joshua\Documents\Humber\GameJam\Game-Jam-Project\Global-Jam-PlaceHolder\Library\ScriptAssemblies\UnityEditor.UI.dll
Symbol file LoadedFromMemory is not a mono symbol file
Symbol file data-0000022B20733420 doesn't match image C:\Users\Joshua\Documents\Humber\GameJam\Game-Jam-Project\Global-Jam-PlaceHolder\Library\ScriptAssemblies\Unity.PlasticSCM.Editor.dll
Symbol file LoadedFromMemory is not a mono symbol file
Symbol file data-0000022CFC190CD0 doesn't match image C:\Users\Joshua\Documents\Humber\GameJam\Game-Jam-Project\Global-Jam-PlaceHolder\Library\ScriptAssemblies\Unity.Rider.Editor.dll
Symbol file LoadedFromMemory is not a mono symbol file
Symbol file data-0000022B20E76030 doesn't match image C:\Users\Joshua\Documents\Humber\GameJam\Game-Jam-Project\Global-Jam-PlaceHolder\Library\ScriptAssemblies\UnityEngine.UI.dll
Symbol file LoadedFromMemory is not a mono symbol file
Symbol file data-0000022B21A5F020 doesn't match image C:\Users\Joshua\Documents\Humber\GameJam\Game-Jam-Project\Global-Jam-PlaceHolder\Library\ScriptAssemblies\Unity.Mathematics.dll
Symbol file LoadedFromMemory is not a mono symbol file
Symbol file data-0000022CFC1B0FE0 doesn't match image C:\Users\Joshua\Documents\Humber\GameJam\Game-Jam-Project\Global-Jam-PlaceHolder\Library\ScriptAssemblies\Unity.2D.IK.Runtime.dll
Symbol file LoadedFromMemory is not a mono symbol file
Symbol file data-0000022B2056DC50 doesn't match image C:\Users\Joshua\Documents\Humber\GameJam\Game-Jam-Project\Global-Jam-PlaceHolder\Library\ScriptAssemblies\Unity.Services.Core.Editor.dll
Symbol file LoadedFromMemory is not a mono symbol file
Symbol file data-0000022B20E96040 doesn't match image C:\Users\Joshua\Documents\Humber\GameJam\Game-Jam-Project\Global-Jam-PlaceHolder\Library\ScriptAssemblies\Unity.2D.Animation.Triangle.Runtime.dll
Symbol file LoadedFromMemory is not a mono symbol file
Symbol file data-0000022B219371C0 doesn't match image C:\Users\Joshua\Documents\Humber\GameJam\Game-Jam-Project\Global-Jam-PlaceHolder\Library\ScriptAssemblies\Unity.2D.Animation.Runtime.dll
Symbol file LoadedFromMemory is not a mono symbol file
Symbol file data-0000022B21923AE0 doesn't match image C:\Users\Joshua\Documents\Humber\GameJam\Game-Jam-Project\Global-Jam-PlaceHolder\Library\ScriptAssemblies\Unity.2D.PixelPerfect.Editor.dll
Symbol file LoadedFromMemory is not a mono symbol file
Symbol file data-0000022B20787020 doesn't match image C:\Users\Joshua\Documents\Humber\GameJam\Game-Jam-Project\Global-Jam-PlaceHolder\Library\ScriptAssemblies\Unity.Timeline.Editor.dll
Symbol file LoadedFromMemory is not a mono symbol file
Symbol file data-0000022B2125C220 doesn't match image C:\Users\Joshua\Documents\Humber\GameJam\Game-Jam-Project\Global-Jam-PlaceHolder\Library\ScriptAssemblies\Unity.CollabProxy.Editor.dll
Symbol file LoadedFromMemory is not a mono symbol file
Symbol file data-0000022B21DAD820 doesn't match image C:\Users\Joshua\Documents\Humber\GameJam\Game-Jam-Project\Global-Jam-PlaceHolder\Library\ScriptAssemblies\Unity.Mathematics.Editor.dll
Symbol file LoadedFromMemory is not a mono symbol file
Symbol file data-0000022B21935200 doesn't match image C:\Users\Joshua\Documents\Humber\GameJam\Game-Jam-Project\Global-Jam-PlaceHolder\Library\ScriptAssemblies\Unity.2D.Common.Runtime.dll
Symbol file LoadedFromMemory is not a mono symbol file
Symbol file data-0000022B2184F010 doesn't match image C:\Users\Joshua\Documents\Humber\GameJam\Game-Jam-Project\Global-Jam-PlaceHolder\Library\ScriptAssemblies\Unity.2D.SpriteShape.Editor.dll
Symbol file LoadedFromMemory is not a mono symbol file
Symbol file data-0000022CFC1B0FE0 doesn't match image C:\Users\Joshua\Documents\Humber\GameJam\Game-Jam-Project\Global-Jam-PlaceHolder\Library\ScriptAssemblies\Unity.2D.Common.Editor.dll
Symbol file LoadedFromMemory is not a mono symbol file
Symbol file data-0000022B2125C220 doesn't match image C:\Users\Joshua\Documents\Humber\GameJam\Game-Jam-Project\Global-Jam-PlaceHolder\Library\ScriptAssemblies\Unity.2D.SpriteShape.Runtime.dll
Symbol file LoadedFromMemory is not a mono symbol file
Native extension for WindowsStandalone target not found
Native extension for WebGL target not found
Refreshing native plugins compatible for Editor in 43.15 ms, found 3 plugins.
Preloading 0 native plugins for Editor in 0.00 ms.
Mono: successfully reloaded assembly
- Completed reload, in  0.964 seconds
Domain Reload Profiling:
	ReloadAssembly (965ms)
		BeginReloadAssembly (130ms)
			ExecutionOrderSort (0ms)
			DisableScriptedObjects (4ms)
			BackupInstance (0ms)
			ReleaseScriptingObjects (0ms)
			CreateAndSetChildDomain (19ms)
		EndReloadAssembly (780ms)
			LoadAssemblies (78ms)
			RebuildTransferFunctionScriptingTraits (0ms)
			SetupTypeCache (254ms)
			ReleaseScriptCaches (1ms)
			RebuildScriptCaches (42ms)
			SetupLoadedEditorAssemblies (303ms)
				LogAssemblyErrors (0ms)
				InitializePlatformSupportModulesInManaged (4ms)
				SetLoadedEditorAssemblies (0ms)
				RefreshPlugins (43ms)
				BeforeProcessingInitializeOnLoad (71ms)
				ProcessInitializeOnLoadAttributes (167ms)
				ProcessInitializeOnLoadMethodAttributes (13ms)
				AfterProcessingInitializeOnLoad (4ms)
				EditorAssembliesLoaded (0ms)
			ExecutionOrderSort2 (0ms)
			AwakeInstancesAfterBackupRestoration (5ms)
Platform modules already initialized, skipping
========================================================================
Worker process is ready to serve import requests
Launched and connected shader compiler UnityShaderCompiler.exe after 0.04 seconds
Refreshing native plugins compatible for Editor in 0.57 ms, found 3 plugins.
Preloading 0 native plugins for Editor in 0.00 ms.
Unloading 2200 Unused Serialized files (Serialized files now loaded: 0)
System memory in use before: 96.7 MB.
System memory in use after: 96.7 MB.

Unloading 28 unused Assets to reduce memory usage. Loaded Objects now: 2633.
Total: 3.126400 ms (FindLiveObjects: 0.206200 ms CreateObjectMapping: 0.054200 ms MarkObjects: 2.802300 ms  DeleteObjects: 0.062800 ms)

AssetImportParameters requested are different than current active one (requested -> active):
  custom:framework-win-MediaFoundation: 216162199b28c13a410421893ffa2e32 -> 
  custom:video-decoder-ogg-theora: a1e56fd34408186e4bbccfd4996cb3dc -> 
  custom:container-muxer-webm: aa71ff27fc2769a1b78a27578f13a17b -> 
  custom:container-demuxer-webm: 4f35f7cbe854078d1ac9338744f61a02 -> 
  custom:container-demuxer-ogg: 62fdf1f143b41e24485cea50d1cbac27 -> 
  custom:video-encoder-webm-vp8: eb34c28f22e8b96e1ab97ce403110664 -> 
  custom:video-decoder-webm-vp8: 9c59270c3fd7afecdb556c50c9e8de78 -> 
  custom:audio-decoder-ogg-vorbis: bf7c407c2cedff20999df2af8eb42d56 -> 
  custom:audio-encoder-webm-vorbis: bf7c407c2cedff20999df2af8eb42d56 -> 
========================================================================
Received Import Request.
  path: Assets/TopDownTest
  artifactKey: Guid(241af9abcd2a974449f209cf30e5f255) Importer(815301076,1909f56bfc062723c751e8b465ee728b)
Start importing Assets/TopDownTest using Guid(241af9abcd2a974449f209cf30e5f255) Importer(815301076,1909f56bfc062723c751e8b465ee728b)  -> (artifact id: '0f393e6acb23933090f03320eda9d0b3') in 0.011182 seconds 
  Import took 0.014555 seconds .

========================================================================
Received Import Request.
  Time since last request: 0.000167 seconds.
  path: Assets/TopDownTest/Wall.prefab
  artifactKey: Guid(2a0b6785015b02441a8d5b88fbbfcf7a) Importer(815301076,1909f56bfc062723c751e8b465ee728b)
Start importing Assets/TopDownTest/Wall.prefab using Guid(2a0b6785015b02441a8d5b88fbbfcf7a) Importer(815301076,1909f56bfc062723c751e8b465ee728b)  -> (artifact id: 'b6c74850443ae42d65d0d1f15117157b') in 0.085773 seconds 
  Import took 0.088781 seconds .

========================================================================
Received Import Request.
  Time since last request: 0.000169 seconds.
  path: Assets/TopDownTest/PlayerControllerAI.cs
  artifactKey: Guid(d7149f7d2ddede24b99a41f615069b48) Importer(815301076,1909f56bfc062723c751e8b465ee728b)
Start importing Assets/TopDownTest/PlayerControllerAI.cs using Guid(d7149f7d2ddede24b99a41f615069b48) Importer(815301076,1909f56bfc062723c751e8b465ee728b)  -> (artifact id: '470083973ecedcb77e80aa80b27e9853') in 0.010554 seconds 
  Import took 0.013564 seconds .

========================================================================
Received Import Request.
  Time since last request: 0.000195 seconds.
  path: Assets/TopDownTest/placeholder tile.asset
  artifactKey: Guid(cc97820326f4df245ab5bba86730ea00) Importer(815301076,1909f56bfc062723c751e8b465ee728b)
Start importing Assets/TopDownTest/placeholder tile.asset using Guid(cc97820326f4df245ab5bba86730ea00) Importer(815301076,1909f56bfc062723c751e8b465ee728b)  -> (artifact id: '7916e5828f4dc5cc6300fc3f921f758c') in 0.020710 seconds 
  Import took 0.023992 seconds .

========================================================================
Received Import Request.
  Time since last request: 0.000199 seconds.
  path: Assets/TopDownTest/Square.png
  artifactKey: Guid(221ac8ccf4031b848a72edbbbb95b4dd) Importer(815301076,1909f56bfc062723c751e8b465ee728b)
Start importing Assets/TopDownTest/Square.png using Guid(221ac8ccf4031b848a72edbbbb95b4dd) Importer(815301076,1909f56bfc062723c751e8b465ee728b)  -> (artifact id: '295ee5dbd8014096fe53461754ed3005') in 0.062683 seconds 
  Import took 0.065907 seconds .

========================================================================
Received Import Request.
  Time since last request: 0.000188 seconds.
  path: Assets/TopDownTest/New Palette.prefab
  artifactKey: Guid(dab0a8763c56f2d468b74265241ec40c) Importer(815301076,1909f56bfc062723c751e8b465ee728b)
Start importing Assets/TopDownTest/New Palette.prefab using Guid(dab0a8763c56f2d468b74265241ec40c) Importer(815301076,1909f56bfc062723c751e8b465ee728b)  -> (artifact id: 'c929366a1d0cdacfdf541592244c814b') in 0.014034 seconds 
  Import took 0.017066 seconds .

========================================================================
Received Prepare
Refreshing native plugins compatible for Editor in 3.44 ms, found 3 plugins.
Preloading 0 native plugins for Editor in 0.00 ms.
Unloading 15 Unused Serialized files (Serialized files now loaded: 0)
System memory in use before: 55.6 MB.
System memory in use after: 55.7 MB.

Unloading 15 unused Assets to reduce memory usage. Loaded Objects now: 2645.
Total: 3.833700 ms (FindLiveObjects: 0.229700 ms CreateObjectMapping: 0.051300 ms MarkObjects: 3.534600 ms  DeleteObjects: 0.017300 ms)

AssetImportParameters requested are different than current active one (requested -> active):
  custom:framework-win-MediaFoundation: 216162199b28c13a410421893ffa2e32 -> 
  custom:video-decoder-ogg-theora: a1e56fd34408186e4bbccfd4996cb3dc -> 
  custom:container-muxer-webm: aa71ff27fc2769a1b78a27578f13a17b -> 
  custom:container-demuxer-webm: 4f35f7cbe854078d1ac9338744f61a02 -> 
  custom:container-demuxer-ogg: 62fdf1f143b41e24485cea50d1cbac27 -> 
  custom:video-encoder-webm-vp8: eb34c28f22e8b96e1ab97ce403110664 -> 
  custom:video-decoder-webm-vp8: 9c59270c3fd7afecdb556c50c9e8de78 -> 
  custom:audio-decoder-ogg-vorbis: bf7c407c2cedff20999df2af8eb42d56 -> 
  custom:audio-encoder-webm-vorbis: bf7c407c2cedff20999df2af8eb42d56 -> 
========================================================================
Received Import Request.
  Time since last request: 7.674651 seconds.
  path: ProjectSettings/TagManager.asset
  artifactKey: Guid(00000000000000003000000000000000) Importer(815301076,1909f56bfc062723c751e8b465ee728b)
Start importing ProjectSettings/TagManager.asset using Guid(00000000000000003000000000000000) Importer(815301076,1909f56bfc062723c751e8b465ee728b)  -> (artifact id: '95df672b4aaba54310d34c83eef51bb8') in 0.008422 seconds 
  Import took 0.011964 seconds .

========================================================================
Received Prepare
Registering precompiled user dll's ...
Registered in 0.003227 seconds.
Begin MonoManager ReloadAssembly
Symbol file data-0000022B21E4B010 doesn't match image C:\Users\Joshua\Documents\Humber\GameJam\Game-Jam-Project\Global-Jam-PlaceHolder\Library\ScriptAssemblies\Unity.2D.Animation.Editor.dll
Symbol file LoadedFromMemory is not a mono symbol file
Symbol file data-0000022B25B85A00 doesn't match image C:\Users\Joshua\Documents\Humber\GameJam\Game-Jam-Project\Global-Jam-PlaceHolder\Library\ScriptAssemblies\Unity.InternalAPIEngineBridge.001.dll
Symbol file LoadedFromMemory is not a mono symbol file
Symbol file data-0000022B22158A60 doesn't match image C:\Users\Joshua\Documents\Humber\GameJam\Game-Jam-Project\Global-Jam-PlaceHolder\Library\ScriptAssemblies\Unity.VSCode.Editor.dll
Symbol file LoadedFromMemory is not a mono symbol file
Symbol file data-0000022B218B6E40 doesn't match image C:\Users\Joshua\Documents\Humber\GameJam\Game-Jam-Project\Global-Jam-PlaceHolder\Library\ScriptAssemblies\Unity.2D.PixelPerfect.dll
Symbol file LoadedFromMemory is not a mono symbol file
Symbol file data-0000022CFC19A020 doesn't match image C:\Users\Joshua\Documents\Humber\GameJam\Game-Jam-Project\Global-Jam-PlaceHolder\Library\ScriptAssemblies\Unity.2D.Tilemap.Editor.dll
Symbol file LoadedFromMemory is not a mono symbol file
Symbol file data-0000022CFC3FA040 doesn't match image C:\Users\Joshua\Documents\Humber\GameJam\Game-Jam-Project\Global-Jam-PlaceHolder\Library\ScriptAssemblies\PsdPlugin.dll
Symbol file LoadedFromMemory is not a mono symbol file
Symbol file data-0000022CFC7D2010 doesn't match image C:\Users\Joshua\Documents\Humber\GameJam\Game-Jam-Project\Global-Jam-PlaceHolder\Library\ScriptAssemblies\Unity.TextMeshPro.Editor.dll
Symbol file LoadedFromMemory is not a mono symbol file
Symbol file data-0000022CFC376540 doesn't match image C:\Users\Joshua\Documents\Humber\GameJam\Game-Jam-Project\Global-Jam-PlaceHolder\Library\ScriptAssemblies\Unity.VisualStudio.Editor.dll
Symbol file LoadedFromMemory is not a mono symbol file
Symbol file data-0000022B25CD3010 doesn't match image C:\Users\Joshua\Documents\Humber\GameJam\Game-Jam-Project\Global-Jam-PlaceHolder\Library\ScriptAssemblies\UnityEngine.TestRunner.dll
Symbol file LoadedFromMemory is not a mono symbol file
Symbol file data-0000022CFC19A020 doesn't match image C:\Users\Joshua\Documents\Humber\GameJam\Game-Jam-Project\Global-Jam-PlaceHolder\Library\ScriptAssemblies\Unity.Timeline.dll
Symbol file LoadedFromMemory is not a mono symbol file
Symbol file data-0000022CFC6BA050 doesn't match image C:\Users\Joshua\Documents\Humber\GameJam\Game-Jam-Project\Global-Jam-PlaceHolder\Library\ScriptAssemblies\Unity.TextMeshPro.dll
Symbol file LoadedFromMemory is not a mono symbol file
Symbol file data-0000022B217D6010 doesn't match image C:\Users\Joshua\Documents\Humber\GameJam\Game-Jam-Project\Global-Jam-PlaceHolder\Library\ScriptAssemblies\UnityEditor.TestRunner.dll
Symbol file LoadedFromMemory is not a mono symbol file
Symbol file data-0000022B2191DD10 doesn't match image C:\Users\Joshua\Documents\Humber\GameJam\Game-Jam-Project\Global-Jam-PlaceHolder\Library\ScriptAssemblies\Unity.2D.IK.Editor.dll
Symbol file LoadedFromMemory is not a mono symbol file
Symbol file data-0000022CFC7D2010 doesn't match image C:\Users\Joshua\Documents\Humber\GameJam\Game-Jam-Project\Global-Jam-PlaceHolder\Library\ScriptAssemblies\Unity.2D.Sprite.Editor.dll
Symbol file LoadedFromMemory is not a mono symbol file
Symbol file data-0000022CFC376540 doesn't match image C:\Users\Joshua\Documents\Humber\GameJam\Game-Jam-Project\Global-Jam-PlaceHolder\Library\ScriptAssemblies\Unity.2D.Psdimporter.Editor.dll
Symbol file LoadedFromMemory is not a mono symbol file
Symbol file data-0000022B26666E40 doesn't match image C:\Users\Joshua\Documents\Humber\GameJam\Game-Jam-Project\Global-Jam-PlaceHolder\Library\ScriptAssemblies\Unity.2D.Path.Editor.dll
Symbol file LoadedFromMemory is not a mono symbol file
Symbol file data-0000022CFC0A03B0 doesn't match image C:\Users\Joshua\Documents\Humber\GameJam\Game-Jam-Project\Global-Jam-PlaceHolder\Library\ScriptAssemblies\Unity.InternalAPIEditorBridge.001.dll
Symbol file LoadedFromMemory is not a mono symbol file
Symbol file data-0000022CFC376540 doesn't match image C:\Users\Joshua\Documents\Humber\GameJam\Game-Jam-Project\Global-Jam-PlaceHolder\Library\ScriptAssemblies\UnityEditor.UI.dll
Symbol file LoadedFromMemory is not a mono symbol file
Symbol file data-0000022B20CA0020 doesn't match image C:\Users\Joshua\Documents\Humber\GameJam\Game-Jam-Project\Global-Jam-PlaceHolder\Library\ScriptAssemblies\Unity.PlasticSCM.Editor.dll
Symbol file LoadedFromMemory is not a mono symbol file
Symbol file data-0000022B21264230 doesn't match image C:\Users\Joshua\Documents\Humber\GameJam\Game-Jam-Project\Global-Jam-PlaceHolder\Library\ScriptAssemblies\Unity.Rider.Editor.dll
Symbol file LoadedFromMemory is not a mono symbol file
Symbol file data-0000022B25B8F610 doesn't match image C:\Users\Joshua\Documents\Humber\GameJam\Game-Jam-Project\Global-Jam-PlaceHolder\Library\ScriptAssemblies\UnityEngine.UI.dll
Symbol file LoadedFromMemory is not a mono symbol file
Symbol file data-0000022B212BD020 doesn't match image C:\Users\Joshua\Documents\Humber\GameJam\Game-Jam-Project\Global-Jam-PlaceHolder\Library\ScriptAssemblies\Unity.Mathematics.dll
Symbol file LoadedFromMemory is not a mono symbol file
Symbol file data-0000022B263D3490 doesn't match image C:\Users\Joshua\Documents\Humber\GameJam\Game-Jam-Project\Global-Jam-PlaceHolder\Library\ScriptAssemblies\Unity.2D.IK.Runtime.dll
Symbol file LoadedFromMemory is not a mono symbol file
Symbol file data-0000022B2184F010 doesn't match image C:\Users\Joshua\Documents\Humber\GameJam\Game-Jam-Project\Global-Jam-PlaceHolder\Library\ScriptAssemblies\Unity.Services.Core.Editor.dll
Symbol file LoadedFromMemory is not a mono symbol file
Symbol file data-0000022B25B8F610 doesn't match image C:\Users\Joshua\Documents\Humber\GameJam\Game-Jam-Project\Global-Jam-PlaceHolder\Library\ScriptAssemblies\Unity.2D.Animation.Triangle.Runtime.dll
Symbol file LoadedFromMemory is not a mono symbol file
Symbol file data-0000022B219371C0 doesn't match image C:\Users\Joshua\Documents\Humber\GameJam\Game-Jam-Project\Global-Jam-PlaceHolder\Library\ScriptAssemblies\Unity.2D.Animation.Runtime.dll
Symbol file LoadedFromMemory is not a mono symbol file
Symbol file data-0000022B21924D00 doesn't match image C:\Users\Joshua\Documents\Humber\GameJam\Game-Jam-Project\Global-Jam-PlaceHolder\Library\ScriptAssemblies\Unity.2D.PixelPerfect.Editor.dll
Symbol file LoadedFromMemory is not a mono symbol file
Symbol file data-0000022B20787020 doesn't match image C:\Users\Joshua\Documents\Humber\GameJam\Game-Jam-Project\Global-Jam-PlaceHolder\Library\ScriptAssemblies\Unity.Timeline.Editor.dll
Symbol file LoadedFromMemory is not a mono symbol file
Symbol file data-0000022B25CD3010 doesn't match image C:\Users\Joshua\Documents\Humber\GameJam\Game-Jam-Project\Global-Jam-PlaceHolder\Library\ScriptAssemblies\Unity.CollabProxy.Editor.dll
Symbol file LoadedFromMemory is not a mono symbol file
Symbol file data-0000022CFBF9F010 doesn't match image C:\Users\Joshua\Documents\Humber\GameJam\Game-Jam-Project\Global-Jam-PlaceHolder\Library\ScriptAssemblies\Unity.Mathematics.Editor.dll
Symbol file LoadedFromMemory is not a mono symbol file
Symbol file data-0000022B219355E0 doesn't match image C:\Users\Joshua\Documents\Humber\GameJam\Game-Jam-Project\Global-Jam-PlaceHolder\Library\ScriptAssemblies\Unity.2D.Common.Runtime.dll
Symbol file LoadedFromMemory is not a mono symbol file
Symbol file data-0000022CFC376540 doesn't match image C:\Users\Joshua\Documents\Humber\GameJam\Game-Jam-Project\Global-Jam-PlaceHolder\Library\ScriptAssemblies\Unity.2D.SpriteShape.Editor.dll
Symbol file LoadedFromMemory is not a mono symbol file
Symbol file data-0000022B2191DD10 doesn't match image C:\Users\Joshua\Documents\Humber\GameJam\Game-Jam-Project\Global-Jam-PlaceHolder\Library\ScriptAssemblies\Unity.2D.Common.Editor.dll
Symbol file LoadedFromMemory is not a mono symbol file
Symbol file data-0000022CFC19A020 doesn't match image C:\Users\Joshua\Documents\Humber\GameJam\Game-Jam-Project\Global-Jam-PlaceHolder\Library\ScriptAssemblies\Unity.2D.SpriteShape.Runtime.dll
Symbol file LoadedFromMemory is not a mono symbol file
Native extension for WindowsStandalone target not found
Native extension for WebGL target not found
Refreshing native plugins compatible for Editor in 0.59 ms, found 3 plugins.
Preloading 0 native plugins for Editor in 0.00 ms.
Mono: successfully reloaded assembly
- Completed reload, in  0.881 seconds
Domain Reload Profiling:
	ReloadAssembly (881ms)
		BeginReloadAssembly (111ms)
			ExecutionOrderSort (0ms)
			DisableScriptedObjects (5ms)
			BackupInstance (0ms)
			ReleaseScriptingObjects (0ms)
			CreateAndSetChildDomain (36ms)
		EndReloadAssembly (710ms)
			LoadAssemblies (74ms)
			RebuildTransferFunctionScriptingTraits (0ms)
			SetupTypeCache (248ms)
			ReleaseScriptCaches (1ms)
			RebuildScriptCaches (39ms)
			SetupLoadedEditorAssemblies (264ms)
				LogAssemblyErrors (0ms)
				InitializePlatformSupportModulesInManaged (5ms)
				SetLoadedEditorAssemblies (0ms)
				RefreshPlugins (1ms)
				BeforeProcessingInitializeOnLoad (76ms)
				ProcessInitializeOnLoadAttributes (169ms)
				ProcessInitializeOnLoadMethodAttributes (9ms)
				AfterProcessingInitializeOnLoad (4ms)
				EditorAssembliesLoaded (0ms)
			ExecutionOrderSort2 (0ms)
			AwakeInstancesAfterBackupRestoration (7ms)
Platform modules already initialized, skipping
Refreshing native plugins compatible for Editor in 0.65 ms, found 3 plugins.
Preloading 0 native plugins for Editor in 0.00 ms.
Unloading 2189 Unused Serialized files (Serialized files now loaded: 0)
System memory in use before: 99.0 MB.
System memory in use after: 99.2 MB.

Unloading 18 unused Assets to reduce memory usage. Loaded Objects now: 2647.
Total: 3.228800 ms (FindLiveObjects: 0.193500 ms CreateObjectMapping: 0.051200 ms MarkObjects: 2.961500 ms  DeleteObjects: 0.021800 ms)

AssetImportParameters requested are different than current active one (requested -> active):
  custom:framework-win-MediaFoundation: 216162199b28c13a410421893ffa2e32 -> 
  custom:video-decoder-ogg-theora: a1e56fd34408186e4bbccfd4996cb3dc -> 
  custom:container-muxer-webm: aa71ff27fc2769a1b78a27578f13a17b -> 
  custom:container-demuxer-webm: 4f35f7cbe854078d1ac9338744f61a02 -> 
  custom:container-demuxer-ogg: 62fdf1f143b41e24485cea50d1cbac27 -> 
  custom:video-encoder-webm-vp8: eb34c28f22e8b96e1ab97ce403110664 -> 
  custom:video-decoder-webm-vp8: 9c59270c3fd7afecdb556c50c9e8de78 -> 
  custom:audio-decoder-ogg-vorbis: bf7c407c2cedff20999df2af8eb42d56 -> 
  custom:audio-encoder-webm-vorbis: bf7c407c2cedff20999df2af8eb42d56 -> 
AssetImportWorkerClient::OnTransportError - code=2 error=End of file
